2025-06-27 03:42:18,959 - Arquivo H selecionado: C:/Users/ROMULO.SUPESONS/Desktop/Projeto DIS Python/data/H-1.csv
2025-06-27 03:42:25,709 - Arquivo G selecionado: C:/Users/ROMULO.SUPESONS/Desktop/Projeto DIS Python/data/G-1.csv
2025-06-27 03:42:28,599 - Iniciando processo de reconstrução...
2025-06-27 03:42:28,601 - ERRO: 'NoneType' object has no attribute 'json'
2025-06-27 03:42:44,303 - Iniciando processo de reconstrução...
2025-06-27 03:42:44,304 - ERRO: 'NoneType' object has no attribute 'json'
2025-06-27 03:47:35,365 - Arquivo H selecionado: C:/Users/ROMULO.SUPESONS/Desktop/Projeto DIS Python/data/H-1.csv
2025-06-27 03:47:43,397 - Arquivo G selecionado: C:/Users/ROMULO.SUPESONS/Desktop/Projeto DIS Python/data/G-1.csv
2025-06-27 03:47:48,352 - Iniciando processo de reconstrução...
2025-06-27 03:47:48,353 - Carregando dados de C:/Users/ROMULO.SUPESONS/Desktop/Projeto DIS Python/data/H-1.csv e C:/Users/ROMULO.SUPESONS/Desktop/Projeto DIS Python/data/G-1.csv...
2025-06-27 03:48:00,317 - Dados carregados com sucesso.
2025-06-27 03:48:04,202 - Enviando requisição para o servidor (Algoritmo: CGNR)...
2025-06-27 03:48:58,644 - Resposta recebida do servidor.
2025-06-27 03:48:58,649 - 
--- METADADOS DA RECONSTRUÇÃO ---
2025-06-27 03:48:58,650 - algorithm_used:           CGNR
2025-06-27 03:48:58,655 - user_id:                  user_default
2025-06-27 03:48:58,656 - ----------------------------------

2025-06-27 03:48:58,670 - SUCESSO: Imagem reconstruída salva em 'resultado_user_default_CGNR_20250627_034858.csv'
2025-06-27 04:01:39,896 - Arquivo H selecionado: C:/Users/ROMULO.SUPESONS/Desktop/Projeto DIS Python/data/H-1.csv
2025-06-27 04:01:44,474 - Arquivo G selecionado: C:/Users/ROMULO.SUPESONS/Desktop/Projeto DIS Python/data/G-2.csv
2025-06-27 04:01:48,724 - Arquivo H selecionado: C:/Users/ROMULO.SUPESONS/Desktop/Projeto DIS Python/data/H-2.csv
2025-06-27 04:02:03,600 - Iniciando processo de reconstrução...
2025-06-27 04:02:03,601 - Carregando dados...
2025-06-27 04:02:06,127 - Enviando requisição para o servidor (Algoritmo: CGNR, H: (27904, 900), g: (50816,))...
2025-06-27 04:02:13,669 - ERRO DE COMUNICAÇÃO: 500 Server Error: INTERNAL SERVER ERROR for url: http://127.0.0.1:5000/reconstruct
2025-06-27 04:04:51,147 - Arquivo H selecionado: C:/Users/ROMULO.SUPESONS/Desktop/Projeto DIS Python/data/H-2.csv
2025-06-27 04:04:54,568 - Arquivo G selecionado: C:/Users/ROMULO.SUPESONS/Desktop/Projeto DIS Python/data/G-2.csv
2025-06-27 04:04:57,097 - Iniciando processo de reconstrução...
2025-06-27 04:04:57,098 - Carregando dados...
2025-06-27 04:04:59,302 - Enviando requisição para o servidor (Algoritmo: CGNR, H: (27904, 900), g: (50816,))...
2025-06-27 04:05:06,896 - ERRO DE COMUNICAÇÃO: 500 Server Error: INTERNAL SERVER ERROR for url: http://127.0.0.1:5000/reconstruct
2025-06-27 04:07:05,745 - Iniciando processo de reconstrução...
2025-06-27 04:07:05,746 - Carregando dados...
2025-06-27 04:07:07,953 - Enviando requisição para o servidor (Algoritmo: CGNR, H: (27904, 900), g: (50816,))...
2025-06-27 04:07:15,399 - ERRO DE COMUNICAÇÃO: 500 Server Error: INTERNAL SERVER ERROR for url: http://127.0.0.1:5000/reconstruct
2025-06-27 04:07:46,224 - Arquivo H selecionado: C:/Users/ROMULO.SUPESONS/Desktop/Projeto DIS Python/data/H-2.csv
2025-06-27 04:07:50,552 - Arquivo G selecionado: C:/Users/ROMULO.SUPESONS/Desktop/Projeto DIS Python/data/G-1.csv
2025-06-27 04:07:53,024 - Iniciando processo de reconstrução...
2025-06-27 04:07:53,028 - Carregando dados...
2025-06-27 04:07:55,239 - Enviando requisição para o servidor (Algoritmo: CGNR, H: (27904, 900), g: (50816,))...
2025-06-27 04:08:02,811 - ERRO DE COMUNICAÇÃO: 500 Server Error: INTERNAL SERVER ERROR for url: http://127.0.0.1:5000/reconstruct
2025-06-27 04:08:10,943 - Arquivo G selecionado: C:/Users/ROMULO.SUPESONS/Desktop/Projeto DIS Python/data/H-1.csv
2025-06-27 04:08:16,396 - Arquivo G selecionado: C:/Users/ROMULO.SUPESONS/Desktop/Projeto DIS Python/data/G-1.csv
2025-06-27 04:08:21,614 - Arquivo H selecionado: C:/Users/ROMULO.SUPESONS/Desktop/Projeto DIS Python/data/H-1.csv
2025-06-27 04:08:22,577 - Iniciando processo de reconstrução...
2025-06-27 04:08:22,583 - Carregando dados...
2025-06-27 04:08:38,437 - Enviando requisição para o servidor (Algoritmo: CGNR, H: (50816, 3600), g: (50816,))...
2025-06-27 04:09:34,269 - Resposta recebida com sucesso. Imagem reconstruída contém 3600 pixels.
2025-06-27 04:09:34,907 - SUCESSO: Gráfico da imagem reconstruída foi salvo em 'resultado_user_default_CGNR_20250627_040934.png'
2025-06-27 04:20:52,865 - Arquivo H selecionado: C:/Users/ROMULO.SUPESONS/Desktop/Projeto DIS Python/data/H-1.csv
2025-06-27 04:20:57,897 - Arquivo G selecionado: C:/Users/ROMULO.SUPESONS/Desktop/Projeto DIS Python/data/G-1.csv
2025-06-27 04:21:00,097 - Iniciando processo de reconstrução...
2025-06-27 04:21:00,098 - Carregando dados...
2025-06-27 04:21:15,180 - Enviando requisição (Algoritmo: CGNR, H: (50816, 3600), g: (50816,), Regularização: True)...
2025-06-27 04:22:18,807 - Resposta recebida. Imagem reconstruída contém 3600 pixels.
2025-06-27 04:22:18,810 - 
--- METADADOS DA RECONSTRUÇÃO ---
2025-06-27 04:22:18,813 - algorithm_used:                     CGNR
2025-06-27 04:22:18,818 - duration_seconds:                   0.494957
2025-06-27 04:22:18,819 - end_time:                           2025-06-27T04:22:17.008487
2025-06-27 04:22:18,824 - image_size_pixels:                  3600
2025-06-27 04:22:18,825 - iterations_executed:                3
2025-06-27 04:22:18,830 - start_time:                         2025-06-27T04:22:16.513530
2025-06-27 04:22:18,832 - user_id:                            user_default
2025-06-27 04:22:18,835 - ----------------------------------

2025-06-27 04:22:19,959 - SUCESSO: Gráfico salvo em 'resultado_user_default_CGNR_20250627_042219.png'
2025-06-27 04:24:37,281 - Gerando gráfico da imagem reconstruída...
2025-06-27 04:24:54,521 - Iniciando processo de reconstrução...
2025-06-27 04:24:54,526 - Carregando dados...
2025-06-27 04:25:09,751 - Enviando requisição (Algoritmo: CGNE, H: (50816, 3600), g: (50816,), Regularização: True)...
2025-06-27 04:26:23,216 - Resposta recebida. Imagem reconstruída contém 3600 pixels.
2025-06-27 04:26:23,218 - 
--- METADADOS DA RECONSTRUÇÃO ---
2025-06-27 04:26:23,222 - algorithm_used:                     CGNE
2025-06-27 04:26:23,229 - duration_seconds:                   13.299852
2025-06-27 04:26:23,237 - end_time:                           2025-06-27T04:26:21.522321
2025-06-27 04:26:23,243 - image_size_pixels:                  3600
2025-06-27 04:26:23,250 - iterations_executed:                100
2025-06-27 04:26:23,260 - start_time:                         2025-06-27T04:26:08.222469
2025-06-27 04:26:23,265 - user_id:                            user_default
2025-06-27 04:26:23,272 - ----------------------------------

2025-06-27 04:26:23,457 - SUCESSO: Gráfico salvo em 'resultado_user_default_CGNE_20250627_042623.png'
2025-06-27 04:36:07,302 - Arquivo H selecionado: C:/Users/ROMULO.SUPESONS/Desktop/Projeto DIS Python/data/H-1.csv
2025-06-27 04:36:11,677 - Arquivo G selecionado: C:/Users/ROMULO.SUPESONS/Desktop/Projeto DIS Python/data/G-1.csv
2025-06-27 04:36:16,530 - Iniciando processo de reconstrução...
2025-06-27 04:36:16,531 - Carregando dados...
2025-06-27 04:36:31,410 - Enviando requisição (Algoritmo: CGNE, H: (50816, 3600), g: (50816,), Regularização: True)...
2025-06-27 04:37:43,077 - Resposta recebida. Imagem reconstruída contém 3600 pixels.
2025-06-27 04:37:43,080 - 
--- METADADOS DA RECONSTRUÇÃO ---
2025-06-27 04:37:43,082 - algorithm_used:                     CGNE
2025-06-27 04:37:43,085 - duration_seconds:                   13.345111
2025-06-27 04:37:43,086 - end_time:                           2025-06-27T04:37:41.326844
2025-06-27 04:37:43,091 - image_size_pixels:                  3600
2025-06-27 04:37:43,092 - iterations_executed:                100
2025-06-27 04:37:43,098 - regularization_used:                True
2025-06-27 04:37:43,102 - start_time:                         2025-06-27T04:37:27.981733
2025-06-27 04:37:43,107 - stopped_by_tolerance:               False
2025-06-27 04:37:43,111 - user_id:                            user_default
2025-06-27 04:37:43,117 - ----------------------------------

2025-06-27 04:37:43,124 - Aplicando escala logarítmica para melhor visualização.
2025-06-27 04:37:44,432 - SUCESSO: Gráfico da imagem reconstruída foi salvo em 'resultado_user_default_CGNE_20250627_043743.png'
2025-06-27 04:38:02,234 - Gerando gráfico da imagem reconstruída...
2025-06-27 04:38:02,236 - Aplicando escala logarítmica para melhor visualização.
2025-06-27 04:43:22,458 - Iniciando processo de reconstrução...
2025-06-27 04:43:22,463 - Carregando dados...
2025-06-27 04:43:37,858 - Enviando requisição (Algoritmo: CGNR, H: (50816, 3600), g: (50816,), Regularização: True)...
2025-06-27 04:44:41,206 - Resposta recebida. Imagem reconstruída contém 3600 pixels.
2025-06-27 04:44:41,211 - 
--- METADADOS DA RECONSTRUÇÃO ---
2025-06-27 04:44:41,218 - algorithm_used:                     CGNR
2025-06-27 04:44:41,225 - duration_seconds:                   1.854171
2025-06-27 04:44:41,230 - end_time:                           2025-06-27T04:44:39.296655
2025-06-27 04:44:41,234 - image_size_pixels:                  3600
2025-06-27 04:44:41,242 - iterations_executed:                3
2025-06-27 04:44:41,245 - regularization_used:                True
2025-06-27 04:44:41,254 - start_time:                         2025-06-27T04:44:37.442484
2025-06-27 04:44:41,258 - stopped_by_tolerance:               True
2025-06-27 04:44:41,262 - user_id:                            user_default
2025-06-27 04:44:41,269 - ----------------------------------

2025-06-27 04:44:41,276 - Aplicando escala logarítmica para melhor visualização.
2025-06-27 04:44:41,736 - SUCESSO: Gráfico da imagem reconstruída foi salvo em 'resultado_user_default_CGNR_20250627_044441.png'
2025-06-27 04:47:12,396 - Arquivo H selecionado: C:/Users/ROMULO.SUPESONS/Desktop/Projeto DIS Python/data/H-1.csv
2025-06-27 04:47:16,615 - Arquivo G selecionado: C:/Users/ROMULO.SUPESONS/Desktop/Projeto DIS Python/data/G-1.csv
2025-06-27 04:47:18,499 - Iniciando processo de reconstrução...
2025-06-27 04:47:18,500 - Carregando dados...
2025-06-27 04:47:33,475 - Enviando requisição (Algoritmo: CGNR, H: (50816, 3600), g: (50816,), Regularização: True)...
2025-06-27 04:48:36,751 - Resposta recebida. Imagem reconstruída contém 3600 pixels.
2025-06-27 04:48:36,754 - 
--- METADADOS DA RECONSTRUÇÃO ---
2025-06-27 04:48:36,756 - algorithm_used:                     CGNR
2025-06-27 04:48:36,760 - duration_seconds:                   2.163497
2025-06-27 04:48:36,761 - end_time:                           2025-06-27T04:48:35.047579
2025-06-27 04:48:36,767 - image_size_pixels:                  3600
2025-06-27 04:48:36,768 - iterations_executed:                3
2025-06-27 04:48:36,774 - regularization_used:                True
2025-06-27 04:48:36,777 - start_time:                         2025-06-27T04:48:32.884082
2025-06-27 04:48:36,783 - stopped_by_tolerance:               True
2025-06-27 04:48:36,788 - user_id:                            user_default
2025-06-27 04:48:36,794 - ----------------------------------

2025-06-27 04:48:36,796 - Aplicando escala logarítmica para melhor visualização.
2025-06-27 04:48:37,948 - SUCESSO: Gráfico da imagem reconstruída foi salvo em 'resultado_user_default_CGNR_20250627_044836.png'
2025-06-27 04:48:57,091 - Gerando gráfico da imagem reconstruída...
2025-06-27 04:48:57,093 - Aplicando escala logarítmica para melhor visualização.
2025-06-27 05:01:13,021 - Arquivo H selecionado: C:/Users/ROMULO.SUPESONS/Desktop/Projeto DIS Python/data/H-1.csv
2025-06-27 05:01:20,037 - Arquivo G selecionado: C:/Users/ROMULO.SUPESONS/Desktop/Projeto DIS Python/data/G-1.csv
2025-06-27 05:01:26,451 - Iniciando processo de reconstrução...
2025-06-27 05:01:26,452 - Carregando dados...
2025-06-27 05:01:41,496 - Enviando requisição (Alg: CGNE, Reg: True, Fator: 0.1)...
2025-06-27 05:02:53,410 - Resposta recebida. Imagem contém 3600 pixels.
2025-06-27 05:02:53,413 - 
--- METADADOS DA RECONSTRUÇÃO ---
2025-06-27 05:02:53,420 - algorithm_used:                     CGNE
2025-06-27 05:02:53,426 - duration_seconds:                   9.598428
2025-06-27 05:02:53,434 - end_time:                           2025-06-27T05:02:51.691976
2025-06-27 05:02:53,440 - image_size_pixels:                  3600
2025-06-27 05:02:53,449 - iterations_executed:                100
2025-06-27 05:02:53,456 - regularization_factor:              0.1
2025-06-27 05:02:53,465 - regularization_used:                True
2025-06-27 05:02:53,471 - start_time:                         2025-06-27T05:02:42.093548
2025-06-27 05:02:53,483 - stopped_by_tolerance:               False
2025-06-27 05:02:53,491 - user_id:                            user_default
2025-06-27 05:02:53,502 - ----------------------------------

2025-06-27 05:02:53,511 - Aplicando escala logarítmica.
2025-06-27 05:02:54,762 - SUCESSO: Gráfico salvo em 'resultado_user_default_CGNE_20250627_050253.png'
2025-06-27 05:03:23,656 - Gerando gráfico...
2025-06-27 05:03:23,658 - Aplicando escala logarítmica.
2025-06-27 05:03:34,690 - Iniciando processo de reconstrução...
2025-06-27 05:03:34,695 - Carregando dados...
2025-06-27 05:03:49,846 - Enviando requisição (Alg: CGNE, Reg: False, Fator: 0.1)...
2025-06-27 05:04:54,080 - Resposta recebida. Imagem contém 3600 pixels.
2025-06-27 05:04:54,089 - 
--- METADADOS DA RECONSTRUÇÃO ---
2025-06-27 05:04:54,093 - algorithm_used:                     CGNE
2025-06-27 05:04:54,100 - duration_seconds:                   6.239678
2025-06-27 05:04:54,105 - end_time:                           2025-06-27T05:04:52.418179
2025-06-27 05:04:54,112 - image_size_pixels:                  3600
2025-06-27 05:04:54,119 - iterations_executed:                100
2025-06-27 05:04:54,125 - regularization_factor:              0.1
2025-06-27 05:04:54,133 - regularization_used:                False
2025-06-27 05:04:54,139 - start_time:                         2025-06-27T05:04:46.178501
2025-06-27 05:04:54,146 - stopped_by_tolerance:               False
2025-06-27 05:04:54,150 - user_id:                            user_default
2025-06-27 05:04:54,157 - ----------------------------------

2025-06-27 05:04:54,167 - Aplicando escala logarítmica.
2025-06-27 05:04:54,513 - SUCESSO: Gráfico salvo em 'resultado_user_default_CGNE_20250627_050454.png'
2025-06-27 05:04:57,761 - Gerando gráfico...
2025-06-27 05:04:57,763 - Aplicando escala logarítmica.
2025-06-27 05:05:11,445 - Iniciando processo de reconstrução...
2025-06-27 05:05:11,447 - Carregando dados...
2025-06-27 05:05:48,336 - Enviando requisição (Alg: CGNE, Reg: False, Fator: 0.1)...
2025-06-27 05:06:52,506 - Resposta recebida. Imagem contém 3600 pixels.
2025-06-27 05:06:52,508 - 
--- METADADOS DA RECONSTRUÇÃO ---
2025-06-27 05:06:52,515 - algorithm_used:                     CGNE
2025-06-27 05:06:52,523 - duration_seconds:                   6.238897
2025-06-27 05:06:52,532 - end_time:                           2025-06-27T05:06:50.910304
2025-06-27 05:06:52,540 - image_size_pixels:                  3600
2025-06-27 05:06:52,547 - iterations_executed:                100
2025-06-27 05:06:52,554 - regularization_factor:              0.1
2025-06-27 05:06:52,559 - regularization_used:                False
2025-06-27 05:06:52,566 - start_time:                         2025-06-27T05:06:44.671407
2025-06-27 05:06:52,573 - stopped_by_tolerance:               False
2025-06-27 05:06:52,579 - user_id:                            user_default
2025-06-27 05:06:52,586 - ----------------------------------

2025-06-27 05:06:52,975 - SUCESSO: Gráfico salvo em 'resultado_user_default_CGNE_20250627_050652.png'
2025-06-27 05:07:12,788 - Gerando gráfico...
2025-06-27 06:33:39,960 - Gerando gráfico...
2025-06-27 09:32:29,497 - Arquivo H selecionado: C:/Users/netin/Documents/GitHub/servidor-dis/data/H-1.csv
2025-06-27 09:32:36,337 - Arquivo G selecionado: C:/Users/netin/Documents/GitHub/servidor-dis/data/G-1.csv
2025-06-27 09:32:42,970 - Iniciando processo de reconstrução...
2025-06-27 09:32:42,990 - Carregando dados...
