INFO - 2025-06-26 20:25:03,530: Client logger initialized.
INFO - 2025-06-26 20:25:03,531: Download directory './downloads' ensured.
INFO - 2025-06-26 20:25:08,512: Successfully connected to 127.0.0.1:6000
INFO - 2025-06-26 20:25:12,773: Username set to: antonio
INFO - 2025-06-26 20:25:43,305: Sent: 'OPTION-1'
INFO - 2025-06-26 20:25:43,307: Sent: 'OK-antonio-H_1-phantom-CGNE'
ERROR - 2025-06-26 20:31:47,969: Error receiving message: [WinError 10054] Foi forçado o cancelamento de uma conexão existente pelo host remoto
INFO - 2025-06-26 20:31:47,976: Client disconnected from server.
WARNING - 2025-06-26 20:31:47,978: Server did not indicate readiness for signal gain: 
INFO - 2025-06-26 20:40:38,895: Client logger initialized.
INFO - 2025-06-26 20:40:38,896: Download directory './downloads' ensured.
INFO - 2025-06-26 20:40:46,116: Successfully connected to 127.0.0.1:6000
INFO - 2025-06-26 20:40:51,061: Username set to: antonio
INFO - 2025-06-26 20:41:18,176: Sent: 'OPTION-2'
INFO - 2025-06-26 20:41:18,186: Sent: 'OK-antonio-H_1-phantom-CGNE'
INFO - 2025-06-26 20:50:34,486: Client logger initialized.
INFO - 2025-06-26 20:50:34,487: Download directory './downloads' ensured.
INFO - 2025-06-26 21:07:38,525: Client logger initialized.
INFO - 2025-06-26 21:07:38,525: Download directory './downloads' ensured.
INFO - 2025-06-26 21:07:40,784: Successfully connected to 127.0.0.1:6000
INFO - 2025-06-26 21:07:44,809: Username set to: antonio
INFO - 2025-06-26 21:08:06,140: Sent: 'OPTION-2'
INFO - 2025-06-26 21:08:06,140: Sent: 'OK-antonio-H_1-phantom-CGNE'
INFO - 2025-06-26 21:08:06,140: Received: 'OK-Ready to receive'
WARNING - 2025-06-26 21:08:06,140: Server did not indicate readiness for signal gain: OK-Ready to receive
INFO - 2025-06-26 21:08:35,611: Sent: 'OPTION-1'
INFO - 2025-06-26 21:08:35,611: Sent: 'OK-antonio-H_1-phantom-CGNE'
ERROR - 2025-06-26 21:21:59,967: Error receiving message: [WinError 10054] Foi forçado o cancelamento de uma conexão existente pelo host remoto
INFO - 2025-06-26 21:21:59,970: Client disconnected from server.
WARNING - 2025-06-26 21:21:59,971: Server did not indicate readiness for signal gain: 
INFO - 2025-06-26 21:23:19,961: Client logger initialized.
INFO - 2025-06-26 21:23:19,962: Download directory './downloads' ensured.
INFO - 2025-06-26 21:23:23,983: Successfully connected to 127.0.0.1:6000
INFO - 2025-06-26 21:23:28,478: Username set to: Antonio
INFO - 2025-06-26 21:23:39,948: Sent: 'OPTION-1'
INFO - 2025-06-26 21:23:39,948: Sent: 'OK-Antonio-H_1-phantom-CGNE'
INFO - 2025-06-26 21:23:39,949: Received: 'OK-Ready to receive'
WARNING - 2025-06-26 21:23:39,949: Server did not indicate readiness for signal gain: OK-Ready to receive
INFO - 2025-06-26 21:26:01,409: Sent: 'OPTION-2'
INFO - 2025-06-26 21:26:01,410: Sent: 'OK-Antonio-H_2-phantom-CGNE'
INFO - 2025-06-26 22:48:55,381: Client logger initialized.
INFO - 2025-06-26 22:48:55,382: Download directory './downloads' ensured.
INFO - 2025-06-26 22:48:57,002: Successfully connected to 127.0.0.1:6000
INFO - 2025-06-26 22:49:00,970: Username set to: Antonio
INFO - 2025-06-26 22:50:17,026: Client logger initialized.
INFO - 2025-06-26 22:50:17,026: Download directory './downloads' ensured.
INFO - 2025-06-26 22:50:24,252: Successfully connected to 127.0.0.1:6000
INFO - 2025-06-26 22:50:28,665: Username set to: Antonio
INFO - 2025-06-26 22:52:11,540: Client logger initialized.
INFO - 2025-06-26 22:52:11,540: Download directory './downloads' ensured.
INFO - 2025-06-26 22:52:13,367: Successfully connected to 127.0.0.1:6000
INFO - 2025-06-26 22:52:16,402: Username set to: Antonio
INFO - 2025-06-26 22:52:29,361: Sent: 'OPTION-2'
INFO - 2025-06-26 22:52:29,361: Sent: 'OK-Antonio-g-30x30-1-phantom-CGNE'
INFO - 2025-06-26 22:52:29,362: Received: 'OK-Ready to receive'
WARNING - 2025-06-26 22:52:29,362: Server did not indicate readiness for signal gain: OK-Ready to receive
INFO - 2025-06-26 22:53:08,985: Sent: 'OPTION-1'
INFO - 2025-06-26 22:53:08,985: Sent: 'OK-Antonio-g-30x30-2-shepp_logan-CGNR'
INFO - 2025-06-26 23:09:04,201: Client logger initialized.
INFO - 2025-06-26 23:09:04,203: Download directory './downloads' ensured.
INFO - 2025-06-26 23:09:05,986: Successfully connected to 127.0.0.1:6000
INFO - 2025-06-26 23:09:08,361: Username set to: neto
INFO - 2025-06-26 23:09:33,363: Sent: 'OPTION-3'
INFO - 2025-06-26 23:09:33,363: Sent: 'OK-neto-G-1-phantom-CGNE'
INFO - 2025-06-26 23:09:33,364: Received: 'OK-Ready to receive'
WARNING - 2025-06-26 23:09:33,364: Server did not indicate readiness for signal gain: OK-Ready to receive
INFO - 2025-06-26 23:16:56,589: Client logger initialized.
INFO - 2025-06-26 23:16:56,591: Download directory './downloads' ensured.
INFO - 2025-06-26 23:16:58,737: Successfully connected to 127.0.0.1:6000
INFO - 2025-06-26 23:17:01,716: Username set to: antonio
INFO - 2025-06-26 23:17:12,998: Sent: 'OPTION-2'
INFO - 2025-06-26 23:17:12,998: Sent: 'OK-antonio-G-1-phantom-CGNE'
INFO - 2025-06-26 23:17:13,003: Received: 'OK-Ready to receive'
WARNING - 2025-06-26 23:17:13,004: Server did not indicate readiness for signal gain: OK-Ready to receive
INFO - 2025-06-26 23:23:36,989: Client logger initialized.
INFO - 2025-06-26 23:23:36,990: Download directory './downloads' ensured.
INFO - 2025-06-26 23:23:38,759: Successfully connected to 127.0.0.1:6000
INFO - 2025-06-26 23:23:40,542: Username set to: neto
INFO - 2025-06-26 23:23:51,533: Sent: 'OPTION-2'
INFO - 2025-06-26 23:23:51,533: Sent: 'OK-neto-G-1-phantom-CGNE'
INFO - 2025-06-26 23:23:51,533: Received: 'OK-Ready to receive'
WARNING - 2025-06-26 23:23:51,534: Server did not indicate readiness for signal gain: OK-Ready to receive
INFO - 2025-06-26 23:28:05,702: Client logger initialized.
INFO - 2025-06-26 23:28:05,703: Download directory './downloads' ensured.
INFO - 2025-06-26 23:28:10,411: Successfully connected to 127.0.0.1:6000
INFO - 2025-06-26 23:28:14,383: Username set to: plinio
INFO - 2025-06-26 23:28:24,835: Sent: 'OPTION-2'
INFO - 2025-06-26 23:28:24,835: Sent: 'OK-plinio-G-1-phantom-CGNE'
INFO - 2025-06-26 23:28:24,835: Received: 'OK-Ready to receive'
INFO - 2025-06-26 23:28:25,413: Generated dummy signal gain of size: 8192
INFO - 2025-06-26 23:28:25,414: [DEBUG] Enviando signal_gain com shape (8192,) e 65536 bytes...
INFO - 2025-06-26 23:28:25,414: Sent signal gain size: 65536 bytes.
INFO - 2025-06-26 23:28:25,414: Sent 2048/65536 bytes of signal gain.
INFO - 2025-06-26 23:28:25,414: Sent 4096/65536 bytes of signal gain.
INFO - 2025-06-26 23:28:25,415: Sent 6144/65536 bytes of signal gain.
INFO - 2025-06-26 23:28:25,415: Sent 8192/65536 bytes of signal gain.
INFO - 2025-06-26 23:28:25,415: Sent 10240/65536 bytes of signal gain.
INFO - 2025-06-26 23:28:25,416: Sent 12288/65536 bytes of signal gain.
INFO - 2025-06-26 23:28:25,416: Sent 14336/65536 bytes of signal gain.
INFO - 2025-06-26 23:28:25,416: Sent 16384/65536 bytes of signal gain.
INFO - 2025-06-26 23:28:25,416: Sent 18432/65536 bytes of signal gain.
INFO - 2025-06-26 23:28:25,416: Sent 20480/65536 bytes of signal gain.
INFO - 2025-06-26 23:28:25,417: Sent 22528/65536 bytes of signal gain.
INFO - 2025-06-26 23:28:25,417: Sent 24576/65536 bytes of signal gain.
INFO - 2025-06-26 23:28:25,417: Sent 26624/65536 bytes of signal gain.
INFO - 2025-06-26 23:28:25,418: Sent 28672/65536 bytes of signal gain.
INFO - 2025-06-26 23:28:25,418: Sent 30720/65536 bytes of signal gain.
INFO - 2025-06-26 23:28:25,418: Sent 32768/65536 bytes of signal gain.
INFO - 2025-06-26 23:28:25,418: Sent 34816/65536 bytes of signal gain.
INFO - 2025-06-26 23:28:25,419: Sent 36864/65536 bytes of signal gain.
INFO - 2025-06-26 23:28:25,419: Sent 38912/65536 bytes of signal gain.
INFO - 2025-06-26 23:28:25,419: Sent 40960/65536 bytes of signal gain.
INFO - 2025-06-26 23:28:25,419: Sent 43008/65536 bytes of signal gain.
INFO - 2025-06-26 23:28:25,420: Sent 45056/65536 bytes of signal gain.
INFO - 2025-06-26 23:28:25,420: Sent 47104/65536 bytes of signal gain.
INFO - 2025-06-26 23:28:25,420: Sent 49152/65536 bytes of signal gain.
INFO - 2025-06-26 23:28:25,420: Sent 51200/65536 bytes of signal gain.
INFO - 2025-06-26 23:28:25,421: Sent 53248/65536 bytes of signal gain.
INFO - 2025-06-26 23:28:25,421: Sent 55296/65536 bytes of signal gain.
INFO - 2025-06-26 23:28:25,421: Sent 57344/65536 bytes of signal gain.
INFO - 2025-06-26 23:28:25,421: Sent 59392/65536 bytes of signal gain.
INFO - 2025-06-26 23:28:25,421: Sent 61440/65536 bytes of signal gain.
INFO - 2025-06-26 23:28:25,422: Sent 63488/65536 bytes of signal gain.
INFO - 2025-06-26 23:28:25,422: Sent 65536/65536 bytes of signal gain.
INFO - 2025-06-26 23:28:25,422: Finished sending signal gain data.
INFO - 2025-06-26 23:28:25,442: Received: 'ERROR-Matriz 'G' não carregada'
ERROR - 2025-06-26 23:28:25,442: Error from server during reconstruction: ERROR-Matriz 'G' não carregada
